<?xml version="1.0" encoding="UTF-8"?>
<!-- Generated by org.testng.reporters.JUnitXMLReporter -->
<testsuite ignored="12" hostname="IN-PG02P4VN" failures="1" tests="22" name="Test" time="55.344" errors="0" timestamp="2023-01-09T23:29:29 IST">
  <testcase classname="BasePackage.BasePage" name="@AfterMethod reportFlush" time="0.009">
    <failure type="org.openqa.selenium.NoSuchWindowException" message="no such window: target window already closed
from unknown error: web view not found
  (Session info: chrome=108.0.5359.125)
Build info: version: &amp;apos;4.4.0&amp;apos;, revision: &amp;apos;e5c75ed026a&amp;apos;
System info: host: &amp;apos;IN-PG02P4VN&amp;apos;, ip: &amp;apos;192.168.1.93&amp;apos;, os.name: &amp;apos;Windows 10&amp;apos;, os.arch: &amp;apos;amd64&amp;apos;, os.version: &amp;apos;10.0&amp;apos;, java.version: &amp;apos;11.0.1&amp;apos;
Driver info: org.openqa.selenium.chrome.ChromeDriver
Command: [e3b487fd5ed668de3e384d091ab11e34, screenshot {}]
Capabilities {acceptInsecureCerts: false, browserName: chrome, browserVersion: 108.0.5359.125, chrome: {chromedriverVersion: 108.0.5359.71 (1e0e3868ee06..., userDataDir: C:\Users\MOHDTO~1\AppData\L...}, goog:chromeOptions: {debuggerAddress: localhost:58517}, networkConnectionEnabled: false, pageLoadStrategy: normal, platformName: WINDOWS, proxy: Proxy(), se:cdp: ws://localhost:58517/devtoo..., se:cdpVersion: 108.0.5359.125, setWindowRect: true, strictFileInteractability: false, timeouts: {implicit: 0, pageLoad: 300000, script: 30000}, unhandledPromptBehavior: dismiss and notify, webauthn:extension:credBlob: true, webauthn:extension:largeBlob: true, webauthn:virtualAuthenticators: true}
Session ID: e3b487fd5ed668de3e384d091ab11e34">
      <![CDATA[org.openqa.selenium.NoSuchWindowException: no such window: target window already closed
from unknown error: web view not found
  (Session info: chrome=108.0.5359.125)
Build info: version: '4.4.0', revision: 'e5c75ed026a'
System info: host: 'IN-PG02P4VN', ip: '192.168.1.93', os.name: 'Windows 10', os.arch: 'amd64', os.version: '10.0', java.version: '11.0.1'
Driver info: org.openqa.selenium.chrome.ChromeDriver
Command: [e3b487fd5ed668de3e384d091ab11e34, screenshot {}]
Capabilities {acceptInsecureCerts: false, browserName: chrome, browserVersion: 108.0.5359.125, chrome: {chromedriverVersion: 108.0.5359.71 (1e0e3868ee06..., userDataDir: C:\Users\MOHDTO~1\AppData\L...}, goog:chromeOptions: {debuggerAddress: localhost:58517}, networkConnectionEnabled: false, pageLoadStrategy: normal, platformName: WINDOWS, proxy: Proxy(), se:cdp: ws://localhost:58517/devtoo..., se:cdpVersion: 108.0.5359.125, setWindowRect: true, strictFileInteractability: false, timeouts: {implicit: 0, pageLoad: 300000, script: 30000}, unhandledPromptBehavior: dismiss and notify, webauthn:extension:credBlob: true, webauthn:extension:largeBlob: true, webauthn:virtualAuthenticators: true}
Session ID: e3b487fd5ed668de3e384d091ab11e34
at org.openqa.selenium.remote.codec.w3c.W3CHttpResponseCodec.createException(W3CHttpResponseCodec.java:200)
at org.openqa.selenium.remote.codec.w3c.W3CHttpResponseCodec.decode(W3CHttpResponseCodec.java:133)
at org.openqa.selenium.remote.codec.w3c.W3CHttpResponseCodec.decode(W3CHttpResponseCodec.java:53)
at org.openqa.selenium.remote.HttpCommandExecutor.execute(HttpCommandExecutor.java:184)
at org.openqa.selenium.remote.service.DriverCommandExecutor.invokeExecute(DriverCommandExecutor.java:167)
at org.openqa.selenium.remote.service.DriverCommandExecutor.execute(DriverCommandExecutor.java:142)
at org.openqa.selenium.remote.RemoteWebDriver.execute(RemoteWebDriver.java:547)
at org.openqa.selenium.remote.RemoteWebDriver.execute(RemoteWebDriver.java:602)
at org.openqa.selenium.remote.RemoteWebDriver.execute(RemoteWebDriver.java:606)
at org.openqa.selenium.remote.RemoteWebDriver.getScreenshotAs(RemoteWebDriver.java:331)
at BasePackage.ScreenShot.captureScreenshot(ScreenShot.java:15)
at BasePackage.BasePage.reportFlush(BasePage.java:119)
at java.base/java.util.ArrayList.forEach(ArrayList.java:1540)
... Removed 36 stack frames]]>
    </failure>
  </testcase> <!-- @AfterMethod reportFlush -->
  <testcase classname="BasePackage.BasePage" name="@BeforeMethod startTest" time="-1.673287169601E9">
    <skipped/>
  </testcase> <!-- @BeforeMethod startTest -->
  <testcase classname="BasePackage.BasePage" name="@AfterMethod reportFlush" time="-1.673287169609E9">
    <skipped/>
  </testcase> <!-- @AfterMethod reportFlush -->
  <testcase classname="BasePackage.BasePage" name="@BeforeMethod startTest" time="0.01">
    <failure type="org.openqa.selenium.NoSuchWindowException" message="no such window: target window already closed
from unknown error: web view not found
  (Session info: chrome=108.0.5359.125)
Build info: version: &amp;apos;4.4.0&amp;apos;, revision: &amp;apos;e5c75ed026a&amp;apos;
System info: host: &amp;apos;IN-PG02P4VN&amp;apos;, ip: &amp;apos;192.168.1.93&amp;apos;, os.name: &amp;apos;Windows 10&amp;apos;, os.arch: &amp;apos;amd64&amp;apos;, os.version: &amp;apos;10.0&amp;apos;, java.version: &amp;apos;11.0.1&amp;apos;
Driver info: org.openqa.selenium.chrome.ChromeDriver
Command: [e3b487fd5ed668de3e384d091ab11e34, get {url=https://www.flipkart.com/}]
Capabilities {acceptInsecureCerts: false, browserName: chrome, browserVersion: 108.0.5359.125, chrome: {chromedriverVersion: 108.0.5359.71 (1e0e3868ee06..., userDataDir: C:\Users\MOHDTO~1\AppData\L...}, goog:chromeOptions: {debuggerAddress: localhost:58517}, networkConnectionEnabled: false, pageLoadStrategy: normal, platformName: WINDOWS, proxy: Proxy(), se:cdp: ws://localhost:58517/devtoo..., se:cdpVersion: 108.0.5359.125, setWindowRect: true, strictFileInteractability: false, timeouts: {implicit: 0, pageLoad: 300000, script: 30000}, unhandledPromptBehavior: dismiss and notify, webauthn:extension:credBlob: true, webauthn:extension:largeBlob: true, webauthn:virtualAuthenticators: true}
Session ID: e3b487fd5ed668de3e384d091ab11e34">
      <![CDATA[org.openqa.selenium.NoSuchWindowException: no such window: target window already closed
from unknown error: web view not found
  (Session info: chrome=108.0.5359.125)
Build info: version: '4.4.0', revision: 'e5c75ed026a'
System info: host: 'IN-PG02P4VN', ip: '192.168.1.93', os.name: 'Windows 10', os.arch: 'amd64', os.version: '10.0', java.version: '11.0.1'
Driver info: org.openqa.selenium.chrome.ChromeDriver
Command: [e3b487fd5ed668de3e384d091ab11e34, get {url=https://www.flipkart.com/}]
Capabilities {acceptInsecureCerts: false, browserName: chrome, browserVersion: 108.0.5359.125, chrome: {chromedriverVersion: 108.0.5359.71 (1e0e3868ee06..., userDataDir: C:\Users\MOHDTO~1\AppData\L...}, goog:chromeOptions: {debuggerAddress: localhost:58517}, networkConnectionEnabled: false, pageLoadStrategy: normal, platformName: WINDOWS, proxy: Proxy(), se:cdp: ws://localhost:58517/devtoo..., se:cdpVersion: 108.0.5359.125, setWindowRect: true, strictFileInteractability: false, timeouts: {implicit: 0, pageLoad: 300000, script: 30000}, unhandledPromptBehavior: dismiss and notify, webauthn:extension:credBlob: true, webauthn:extension:largeBlob: true, webauthn:virtualAuthenticators: true}
Session ID: e3b487fd5ed668de3e384d091ab11e34
at org.openqa.selenium.remote.codec.w3c.W3CHttpResponseCodec.createException(W3CHttpResponseCodec.java:200)
at org.openqa.selenium.remote.codec.w3c.W3CHttpResponseCodec.decode(W3CHttpResponseCodec.java:133)
at org.openqa.selenium.remote.codec.w3c.W3CHttpResponseCodec.decode(W3CHttpResponseCodec.java:53)
at org.openqa.selenium.remote.HttpCommandExecutor.execute(HttpCommandExecutor.java:184)
at org.openqa.selenium.remote.service.DriverCommandExecutor.invokeExecute(DriverCommandExecutor.java:167)
at org.openqa.selenium.remote.service.DriverCommandExecutor.execute(DriverCommandExecutor.java:142)
at org.openqa.selenium.remote.RemoteWebDriver.execute(RemoteWebDriver.java:547)
at org.openqa.selenium.remote.RemoteWebDriver.get(RemoteWebDriver.java:310)
at BasePackage.BasePage.startTest(BasePage.java:99)
at java.base/java.util.ArrayList.forEach(ArrayList.java:1540)
... Removed 35 stack frames]]>
    </failure>
  </testcase> <!-- @BeforeMethod startTest -->
  <testcase classname="BasePackage.BasePage" name="@AfterMethod reportFlush" time="-1.673287169626E9">
    <skipped/>
  </testcase> <!-- @AfterMethod reportFlush -->
  <testcase classname="BasePackage.BasePage" name="@BeforeMethod startTest" time="-1.673287169628E9">
    <skipped/>
  </testcase> <!-- @BeforeMethod startTest -->
  <testcase classname="BasePackage.BasePage" name="@AfterMethod reportFlush" time="-1.673287169636E9">
    <skipped/>
  </testcase> <!-- @AfterMethod reportFlush -->
  <testcase classname="BasePackage.BasePage" name="@BeforeMethod startTest" time="0.006">
    <failure type="org.openqa.selenium.NoSuchWindowException" message="no such window: target window already closed
from unknown error: web view not found
  (Session info: chrome=108.0.5359.125)
Build info: version: &amp;apos;4.4.0&amp;apos;, revision: &amp;apos;e5c75ed026a&amp;apos;
System info: host: &amp;apos;IN-PG02P4VN&amp;apos;, ip: &amp;apos;192.168.1.93&amp;apos;, os.name: &amp;apos;Windows 10&amp;apos;, os.arch: &amp;apos;amd64&amp;apos;, os.version: &amp;apos;10.0&amp;apos;, java.version: &amp;apos;11.0.1&amp;apos;
Driver info: org.openqa.selenium.chrome.ChromeDriver
Command: [e3b487fd5ed668de3e384d091ab11e34, get {url=https://www.flipkart.com/}]
Capabilities {acceptInsecureCerts: false, browserName: chrome, browserVersion: 108.0.5359.125, chrome: {chromedriverVersion: 108.0.5359.71 (1e0e3868ee06..., userDataDir: C:\Users\MOHDTO~1\AppData\L...}, goog:chromeOptions: {debuggerAddress: localhost:58517}, networkConnectionEnabled: false, pageLoadStrategy: normal, platformName: WINDOWS, proxy: Proxy(), se:cdp: ws://localhost:58517/devtoo..., se:cdpVersion: 108.0.5359.125, setWindowRect: true, strictFileInteractability: false, timeouts: {implicit: 0, pageLoad: 300000, script: 30000}, unhandledPromptBehavior: dismiss and notify, webauthn:extension:credBlob: true, webauthn:extension:largeBlob: true, webauthn:virtualAuthenticators: true}
Session ID: e3b487fd5ed668de3e384d091ab11e34">
      <![CDATA[org.openqa.selenium.NoSuchWindowException: no such window: target window already closed
from unknown error: web view not found
  (Session info: chrome=108.0.5359.125)
Build info: version: '4.4.0', revision: 'e5c75ed026a'
System info: host: 'IN-PG02P4VN', ip: '192.168.1.93', os.name: 'Windows 10', os.arch: 'amd64', os.version: '10.0', java.version: '11.0.1'
Driver info: org.openqa.selenium.chrome.ChromeDriver
Command: [e3b487fd5ed668de3e384d091ab11e34, get {url=https://www.flipkart.com/}]
Capabilities {acceptInsecureCerts: false, browserName: chrome, browserVersion: 108.0.5359.125, chrome: {chromedriverVersion: 108.0.5359.71 (1e0e3868ee06..., userDataDir: C:\Users\MOHDTO~1\AppData\L...}, goog:chromeOptions: {debuggerAddress: localhost:58517}, networkConnectionEnabled: false, pageLoadStrategy: normal, platformName: WINDOWS, proxy: Proxy(), se:cdp: ws://localhost:58517/devtoo..., se:cdpVersion: 108.0.5359.125, setWindowRect: true, strictFileInteractability: false, timeouts: {implicit: 0, pageLoad: 300000, script: 30000}, unhandledPromptBehavior: dismiss and notify, webauthn:extension:credBlob: true, webauthn:extension:largeBlob: true, webauthn:virtualAuthenticators: true}
Session ID: e3b487fd5ed668de3e384d091ab11e34
at org.openqa.selenium.remote.codec.w3c.W3CHttpResponseCodec.createException(W3CHttpResponseCodec.java:200)
at org.openqa.selenium.remote.codec.w3c.W3CHttpResponseCodec.decode(W3CHttpResponseCodec.java:133)
at org.openqa.selenium.remote.codec.w3c.W3CHttpResponseCodec.decode(W3CHttpResponseCodec.java:53)
at org.openqa.selenium.remote.HttpCommandExecutor.execute(HttpCommandExecutor.java:184)
at org.openqa.selenium.remote.service.DriverCommandExecutor.invokeExecute(DriverCommandExecutor.java:167)
at org.openqa.selenium.remote.service.DriverCommandExecutor.execute(DriverCommandExecutor.java:142)
at org.openqa.selenium.remote.RemoteWebDriver.execute(RemoteWebDriver.java:547)
at org.openqa.selenium.remote.RemoteWebDriver.get(RemoteWebDriver.java:310)
at BasePackage.BasePage.startTest(BasePage.java:99)
at java.base/java.util.ArrayList.forEach(ArrayList.java:1540)
... Removed 35 stack frames]]>
    </failure>
  </testcase> <!-- @BeforeMethod startTest -->
  <testcase classname="BasePackage.BasePage" name="@AfterMethod reportFlush" time="-1.673287169655E9">
    <skipped/>
  </testcase> <!-- @AfterMethod reportFlush -->
  <testcase classname="BasePackage.BasePage" name="@BeforeMethod startTest" time="-1.673287169657E9">
    <skipped/>
  </testcase> <!-- @BeforeMethod startTest -->
  <testcase classname="BasePackage.BasePage" name="@AfterMethod reportFlush" time="-1.673287169664E9">
    <skipped/>
  </testcase> <!-- @AfterMethod reportFlush -->
  <testcase classname="BasePackage.BasePage" name="@BeforeMethod startTest" time="-1.673287169666E9">
    <skipped/>
  </testcase> <!-- @BeforeMethod startTest -->
  <testcase classname="BasePackage.BasePage" name="@AfterMethod reportFlush" time="-1.673287169674E9">
    <skipped/>
  </testcase> <!-- @AfterMethod reportFlush -->
  <testcase classname="BasePackage.BasePage" name="@BeforeMethod startTest" time="-1.673287169677E9">
    <skipped/>
  </testcase> <!-- @BeforeMethod startTest -->
  <testcase classname="BasePackage.BasePage" name="@AfterMethod reportFlush" time="-1.673287169685E9">
    <skipped/>
  </testcase> <!-- @AfterMethod reportFlush -->
  <testcase classname="BasePackage.BasePage" name="@BeforeMethod startTest" time="-1.673287169687E9">
    <skipped/>
  </testcase> <!-- @BeforeMethod startTest -->
  <testcase classname="BasePackage.BasePage" name="@AfterMethod reportFlush" time="-1.673287169695E9">
    <skipped/>
  </testcase> <!-- @AfterMethod reportFlush -->
  <testcase classname="BasePackage.BasePage" name="@BeforeMethod startTest" time="-1.673287169696E9">
    <skipped/>
  </testcase> <!-- @BeforeMethod startTest -->
  <testcase classname="BasePackage.BasePage" name="@AfterMethod reportFlush" time="-1.673287169701E9">
    <skipped/>
  </testcase> <!-- @AfterMethod reportFlush -->
  <testcase classname="BasePackage.BasePage" name="@BeforeMethod startTest" time="-1.673287169703E9">
    <skipped/>
  </testcase> <!-- @BeforeMethod startTest -->
  <testcase classname="BasePackage.BasePage" name="@AfterMethod reportFlush" time="-1.673287169707E9">
    <skipped/>
  </testcase> <!-- @AfterMethod reportFlush -->
  <testcase classname="BasePackage.BasePage" name="@BeforeMethod startTest" time="0.006">
    <failure type="org.openqa.selenium.NoSuchWindowException" message="no such window: target window already closed
from unknown error: web view not found
  (Session info: chrome=108.0.5359.125)
Build info: version: &amp;apos;4.4.0&amp;apos;, revision: &amp;apos;e5c75ed026a&amp;apos;
System info: host: &amp;apos;IN-PG02P4VN&amp;apos;, ip: &amp;apos;192.168.1.93&amp;apos;, os.name: &amp;apos;Windows 10&amp;apos;, os.arch: &amp;apos;amd64&amp;apos;, os.version: &amp;apos;10.0&amp;apos;, java.version: &amp;apos;11.0.1&amp;apos;
Driver info: org.openqa.selenium.chrome.ChromeDriver
Command: [e3b487fd5ed668de3e384d091ab11e34, get {url=https://www.flipkart.com/}]
Capabilities {acceptInsecureCerts: false, browserName: chrome, browserVersion: 108.0.5359.125, chrome: {chromedriverVersion: 108.0.5359.71 (1e0e3868ee06..., userDataDir: C:\Users\MOHDTO~1\AppData\L...}, goog:chromeOptions: {debuggerAddress: localhost:58517}, networkConnectionEnabled: false, pageLoadStrategy: normal, platformName: WINDOWS, proxy: Proxy(), se:cdp: ws://localhost:58517/devtoo..., se:cdpVersion: 108.0.5359.125, setWindowRect: true, strictFileInteractability: false, timeouts: {implicit: 0, pageLoad: 300000, script: 30000}, unhandledPromptBehavior: dismiss and notify, webauthn:extension:credBlob: true, webauthn:extension:largeBlob: true, webauthn:virtualAuthenticators: true}
Session ID: e3b487fd5ed668de3e384d091ab11e34">
      <![CDATA[org.openqa.selenium.NoSuchWindowException: no such window: target window already closed
from unknown error: web view not found
  (Session info: chrome=108.0.5359.125)
Build info: version: '4.4.0', revision: 'e5c75ed026a'
System info: host: 'IN-PG02P4VN', ip: '192.168.1.93', os.name: 'Windows 10', os.arch: 'amd64', os.version: '10.0', java.version: '11.0.1'
Driver info: org.openqa.selenium.chrome.ChromeDriver
Command: [e3b487fd5ed668de3e384d091ab11e34, get {url=https://www.flipkart.com/}]
Capabilities {acceptInsecureCerts: false, browserName: chrome, browserVersion: 108.0.5359.125, chrome: {chromedriverVersion: 108.0.5359.71 (1e0e3868ee06..., userDataDir: C:\Users\MOHDTO~1\AppData\L...}, goog:chromeOptions: {debuggerAddress: localhost:58517}, networkConnectionEnabled: false, pageLoadStrategy: normal, platformName: WINDOWS, proxy: Proxy(), se:cdp: ws://localhost:58517/devtoo..., se:cdpVersion: 108.0.5359.125, setWindowRect: true, strictFileInteractability: false, timeouts: {implicit: 0, pageLoad: 300000, script: 30000}, unhandledPromptBehavior: dismiss and notify, webauthn:extension:credBlob: true, webauthn:extension:largeBlob: true, webauthn:virtualAuthenticators: true}
Session ID: e3b487fd5ed668de3e384d091ab11e34
at org.openqa.selenium.remote.codec.w3c.W3CHttpResponseCodec.createException(W3CHttpResponseCodec.java:200)
at org.openqa.selenium.remote.codec.w3c.W3CHttpResponseCodec.decode(W3CHttpResponseCodec.java:133)
at org.openqa.selenium.remote.codec.w3c.W3CHttpResponseCodec.decode(W3CHttpResponseCodec.java:53)
at org.openqa.selenium.remote.HttpCommandExecutor.execute(HttpCommandExecutor.java:184)
at org.openqa.selenium.remote.service.DriverCommandExecutor.invokeExecute(DriverCommandExecutor.java:167)
at org.openqa.selenium.remote.service.DriverCommandExecutor.execute(DriverCommandExecutor.java:142)
at org.openqa.selenium.remote.RemoteWebDriver.execute(RemoteWebDriver.java:547)
at org.openqa.selenium.remote.RemoteWebDriver.get(RemoteWebDriver.java:310)
at BasePackage.BasePage.startTest(BasePage.java:99)
at java.base/java.util.ArrayList.forEach(ArrayList.java:1540)
... Removed 35 stack frames]]>
    </failure>
  </testcase> <!-- @BeforeMethod startTest -->
  <testcase classname="BasePackage.BasePage" name="@AfterMethod reportFlush" time="-1.67328716972E9">
    <skipped/>
  </testcase> <!-- @AfterMethod reportFlush -->
  <testcase classname="BasePackage.BasePage" name="@BeforeMethod startTest" time="-1.673287169721E9">
    <skipped/>
  </testcase> <!-- @BeforeMethod startTest -->
  <testcase classname="BasePackage.BasePage" name="@AfterMethod reportFlush" time="-1.673287169726E9">
    <skipped/>
  </testcase> <!-- @AfterMethod reportFlush -->
  <testcase classname="BasePackage.BasePage" name="@BeforeMethod startTest" time="0.008">
    <failure type="org.openqa.selenium.NoSuchWindowException" message="no such window: target window already closed
from unknown error: web view not found
  (Session info: chrome=108.0.5359.125)
Build info: version: &amp;apos;4.4.0&amp;apos;, revision: &amp;apos;e5c75ed026a&amp;apos;
System info: host: &amp;apos;IN-PG02P4VN&amp;apos;, ip: &amp;apos;192.168.1.93&amp;apos;, os.name: &amp;apos;Windows 10&amp;apos;, os.arch: &amp;apos;amd64&amp;apos;, os.version: &amp;apos;10.0&amp;apos;, java.version: &amp;apos;11.0.1&amp;apos;
Driver info: org.openqa.selenium.chrome.ChromeDriver
Command: [e3b487fd5ed668de3e384d091ab11e34, get {url=https://www.flipkart.com/}]
Capabilities {acceptInsecureCerts: false, browserName: chrome, browserVersion: 108.0.5359.125, chrome: {chromedriverVersion: 108.0.5359.71 (1e0e3868ee06..., userDataDir: C:\Users\MOHDTO~1\AppData\L...}, goog:chromeOptions: {debuggerAddress: localhost:58517}, networkConnectionEnabled: false, pageLoadStrategy: normal, platformName: WINDOWS, proxy: Proxy(), se:cdp: ws://localhost:58517/devtoo..., se:cdpVersion: 108.0.5359.125, setWindowRect: true, strictFileInteractability: false, timeouts: {implicit: 0, pageLoad: 300000, script: 30000}, unhandledPromptBehavior: dismiss and notify, webauthn:extension:credBlob: true, webauthn:extension:largeBlob: true, webauthn:virtualAuthenticators: true}
Session ID: e3b487fd5ed668de3e384d091ab11e34">
      <![CDATA[org.openqa.selenium.NoSuchWindowException: no such window: target window already closed
from unknown error: web view not found
  (Session info: chrome=108.0.5359.125)
Build info: version: '4.4.0', revision: 'e5c75ed026a'
System info: host: 'IN-PG02P4VN', ip: '192.168.1.93', os.name: 'Windows 10', os.arch: 'amd64', os.version: '10.0', java.version: '11.0.1'
Driver info: org.openqa.selenium.chrome.ChromeDriver
Command: [e3b487fd5ed668de3e384d091ab11e34, get {url=https://www.flipkart.com/}]
Capabilities {acceptInsecureCerts: false, browserName: chrome, browserVersion: 108.0.5359.125, chrome: {chromedriverVersion: 108.0.5359.71 (1e0e3868ee06..., userDataDir: C:\Users\MOHDTO~1\AppData\L...}, goog:chromeOptions: {debuggerAddress: localhost:58517}, networkConnectionEnabled: false, pageLoadStrategy: normal, platformName: WINDOWS, proxy: Proxy(), se:cdp: ws://localhost:58517/devtoo..., se:cdpVersion: 108.0.5359.125, setWindowRect: true, strictFileInteractability: false, timeouts: {implicit: 0, pageLoad: 300000, script: 30000}, unhandledPromptBehavior: dismiss and notify, webauthn:extension:credBlob: true, webauthn:extension:largeBlob: true, webauthn:virtualAuthenticators: true}
Session ID: e3b487fd5ed668de3e384d091ab11e34
at org.openqa.selenium.remote.codec.w3c.W3CHttpResponseCodec.createException(W3CHttpResponseCodec.java:200)
at org.openqa.selenium.remote.codec.w3c.W3CHttpResponseCodec.decode(W3CHttpResponseCodec.java:133)
at org.openqa.selenium.remote.codec.w3c.W3CHttpResponseCodec.decode(W3CHttpResponseCodec.java:53)
at org.openqa.selenium.remote.HttpCommandExecutor.execute(HttpCommandExecutor.java:184)
at org.openqa.selenium.remote.service.DriverCommandExecutor.invokeExecute(DriverCommandExecutor.java:167)
at org.openqa.selenium.remote.service.DriverCommandExecutor.execute(DriverCommandExecutor.java:142)
at org.openqa.selenium.remote.RemoteWebDriver.execute(RemoteWebDriver.java:547)
at org.openqa.selenium.remote.RemoteWebDriver.get(RemoteWebDriver.java:310)
at BasePackage.BasePage.startTest(BasePage.java:99)
at java.base/java.util.ArrayList.forEach(ArrayList.java:1540)
... Removed 35 stack frames]]>
    </failure>
  </testcase> <!-- @BeforeMethod startTest -->
  <testcase classname="BasePackage.BasePage" name="@AfterMethod reportFlush" time="-1.673287169741E9">
    <skipped/>
  </testcase> <!-- @AfterMethod reportFlush -->
  <testcase classname="BasePackage.BasePage" name="@BeforeMethod startTest" time="-1.673287169743E9">
    <skipped/>
  </testcase> <!-- @BeforeMethod startTest -->
  <testcase classname="BasePackage.BasePage" name="@AfterMethod reportFlush" time="-1.673287169746E9">
    <skipped/>
  </testcase> <!-- @AfterMethod reportFlush -->
  <testcase classname="BasePackage.BasePage" name="@BeforeMethod startTest" time="-1.673287169748E9">
    <skipped/>
  </testcase> <!-- @BeforeMethod startTest -->
  <testcase classname="BasePackage.BasePage" name="@AfterMethod reportFlush" time="-1.673287169752E9">
    <skipped/>
  </testcase> <!-- @AfterMethod reportFlush -->
  <testcase classname="BasePackage.BasePage" name="@BeforeMethod startTest" time="-1.673287169754E9">
    <skipped/>
  </testcase> <!-- @BeforeMethod startTest -->
  <testcase classname="BasePackage.BasePage" name="@AfterMethod reportFlush" time="-1.673287169759E9">
    <skipped/>
  </testcase> <!-- @AfterMethod reportFlush -->
  <testcase classname="BasePackage.BasePage" name="@BeforeMethod startTest" time="0.008">
    <failure type="org.openqa.selenium.NoSuchWindowException" message="no such window: target window already closed
from unknown error: web view not found
  (Session info: chrome=108.0.5359.125)
Build info: version: &amp;apos;4.4.0&amp;apos;, revision: &amp;apos;e5c75ed026a&amp;apos;
System info: host: &amp;apos;IN-PG02P4VN&amp;apos;, ip: &amp;apos;192.168.1.93&amp;apos;, os.name: &amp;apos;Windows 10&amp;apos;, os.arch: &amp;apos;amd64&amp;apos;, os.version: &amp;apos;10.0&amp;apos;, java.version: &amp;apos;11.0.1&amp;apos;
Driver info: org.openqa.selenium.chrome.ChromeDriver
Command: [e3b487fd5ed668de3e384d091ab11e34, get {url=https://www.flipkart.com/}]
Capabilities {acceptInsecureCerts: false, browserName: chrome, browserVersion: 108.0.5359.125, chrome: {chromedriverVersion: 108.0.5359.71 (1e0e3868ee06..., userDataDir: C:\Users\MOHDTO~1\AppData\L...}, goog:chromeOptions: {debuggerAddress: localhost:58517}, networkConnectionEnabled: false, pageLoadStrategy: normal, platformName: WINDOWS, proxy: Proxy(), se:cdp: ws://localhost:58517/devtoo..., se:cdpVersion: 108.0.5359.125, setWindowRect: true, strictFileInteractability: false, timeouts: {implicit: 0, pageLoad: 300000, script: 30000}, unhandledPromptBehavior: dismiss and notify, webauthn:extension:credBlob: true, webauthn:extension:largeBlob: true, webauthn:virtualAuthenticators: true}
Session ID: e3b487fd5ed668de3e384d091ab11e34">
      <![CDATA[org.openqa.selenium.NoSuchWindowException: no such window: target window already closed
from unknown error: web view not found
  (Session info: chrome=108.0.5359.125)
Build info: version: '4.4.0', revision: 'e5c75ed026a'
System info: host: 'IN-PG02P4VN', ip: '192.168.1.93', os.name: 'Windows 10', os.arch: 'amd64', os.version: '10.0', java.version: '11.0.1'
Driver info: org.openqa.selenium.chrome.ChromeDriver
Command: [e3b487fd5ed668de3e384d091ab11e34, get {url=https://www.flipkart.com/}]
Capabilities {acceptInsecureCerts: false, browserName: chrome, browserVersion: 108.0.5359.125, chrome: {chromedriverVersion: 108.0.5359.71 (1e0e3868ee06..., userDataDir: C:\Users\MOHDTO~1\AppData\L...}, goog:chromeOptions: {debuggerAddress: localhost:58517}, networkConnectionEnabled: false, pageLoadStrategy: normal, platformName: WINDOWS, proxy: Proxy(), se:cdp: ws://localhost:58517/devtoo..., se:cdpVersion: 108.0.5359.125, setWindowRect: true, strictFileInteractability: false, timeouts: {implicit: 0, pageLoad: 300000, script: 30000}, unhandledPromptBehavior: dismiss and notify, webauthn:extension:credBlob: true, webauthn:extension:largeBlob: true, webauthn:virtualAuthenticators: true}
Session ID: e3b487fd5ed668de3e384d091ab11e34
at org.openqa.selenium.remote.codec.w3c.W3CHttpResponseCodec.createException(W3CHttpResponseCodec.java:200)
at org.openqa.selenium.remote.codec.w3c.W3CHttpResponseCodec.decode(W3CHttpResponseCodec.java:133)
at org.openqa.selenium.remote.codec.w3c.W3CHttpResponseCodec.decode(W3CHttpResponseCodec.java:53)
at org.openqa.selenium.remote.HttpCommandExecutor.execute(HttpCommandExecutor.java:184)
at org.openqa.selenium.remote.service.DriverCommandExecutor.invokeExecute(DriverCommandExecutor.java:167)
at org.openqa.selenium.remote.service.DriverCommandExecutor.execute(DriverCommandExecutor.java:142)
at org.openqa.selenium.remote.RemoteWebDriver.execute(RemoteWebDriver.java:547)
at org.openqa.selenium.remote.RemoteWebDriver.get(RemoteWebDriver.java:310)
at BasePackage.BasePage.startTest(BasePage.java:99)
at java.base/java.util.ArrayList.forEach(ArrayList.java:1540)
... Removed 35 stack frames]]>
    </failure>
  </testcase> <!-- @BeforeMethod startTest -->
  <testcase classname="BasePackage.BasePage" name="@AfterMethod reportFlush" time="-1.673287169775E9">
    <skipped/>
  </testcase> <!-- @AfterMethod reportFlush -->
  <testcase classname="BasePackage.BasePage" name="@BeforeMethod startTest" time="-1.673287169776E9">
    <skipped/>
  </testcase> <!-- @BeforeMethod startTest -->
  <testcase classname="BasePackage.BasePage" name="@AfterMethod reportFlush" time="-1.673287169782E9">
    <skipped/>
  </testcase> <!-- @AfterMethod reportFlush -->
  <testcase classname="BaseTest.Test1_VerifyTitlePage" name="verifyTitle" time="5.251"/>
  <testcase classname="BaseTest.Test1_VerifyTitlePage" name="verifyLogo" time="0.107"/>
  <testcase classname="BaseTest.Test2_HomePageTest" name="LoginTest" time="15.589"/>
  <testcase classname="BaseTest.Test2_HomePageTest" name="searchMobile" time="5.198">
    <failure type="org.openqa.selenium.NoSuchWindowException" message="no such window: target window already closed
from unknown error: web view not found
  (Session info: chrome=108.0.5359.125)
Build info: version: &amp;apos;4.4.0&amp;apos;, revision: &amp;apos;e5c75ed026a&amp;apos;
System info: host: &amp;apos;IN-PG02P4VN&amp;apos;, ip: &amp;apos;192.168.1.93&amp;apos;, os.name: &amp;apos;Windows 10&amp;apos;, os.arch: &amp;apos;amd64&amp;apos;, os.version: &amp;apos;10.0&amp;apos;, java.version: &amp;apos;11.0.1&amp;apos;
Driver info: org.openqa.selenium.chrome.ChromeDriver
Command: [e3b487fd5ed668de3e384d091ab11e34, findElement {using=xpath, value=//*[@id=&amp;quot;container&amp;quot;]/div/div[1]/div[1]/div[2]/div[2]/form/div/div/input}]
Capabilities {acceptInsecureCerts: false, browserName: chrome, browserVersion: 108.0.5359.125, chrome: {chromedriverVersion: 108.0.5359.71 (1e0e3868ee06..., userDataDir: C:\Users\MOHDTO~1\AppData\L...}, goog:chromeOptions: {debuggerAddress: localhost:58517}, networkConnectionEnabled: false, pageLoadStrategy: normal, platformName: WINDOWS, proxy: Proxy(), se:cdp: ws://localhost:58517/devtoo..., se:cdpVersion: 108.0.5359.125, setWindowRect: true, strictFileInteractability: false, timeouts: {implicit: 0, pageLoad: 300000, script: 30000}, unhandledPromptBehavior: dismiss and notify, webauthn:extension:credBlob: true, webauthn:extension:largeBlob: true, webauthn:virtualAuthenticators: true}
Session ID: e3b487fd5ed668de3e384d091ab11e34">
      <![CDATA[org.openqa.selenium.NoSuchWindowException: no such window: target window already closed
from unknown error: web view not found
  (Session info: chrome=108.0.5359.125)
Build info: version: '4.4.0', revision: 'e5c75ed026a'
System info: host: 'IN-PG02P4VN', ip: '192.168.1.93', os.name: 'Windows 10', os.arch: 'amd64', os.version: '10.0', java.version: '11.0.1'
Driver info: org.openqa.selenium.chrome.ChromeDriver
Command: [e3b487fd5ed668de3e384d091ab11e34, findElement {using=xpath, value=//*[@id="container"]/div/div[1]/div[1]/div[2]/div[2]/form/div/div/input}]
Capabilities {acceptInsecureCerts: false, browserName: chrome, browserVersion: 108.0.5359.125, chrome: {chromedriverVersion: 108.0.5359.71 (1e0e3868ee06..., userDataDir: C:\Users\MOHDTO~1\AppData\L...}, goog:chromeOptions: {debuggerAddress: localhost:58517}, networkConnectionEnabled: false, pageLoadStrategy: normal, platformName: WINDOWS, proxy: Proxy(), se:cdp: ws://localhost:58517/devtoo..., se:cdpVersion: 108.0.5359.125, setWindowRect: true, strictFileInteractability: false, timeouts: {implicit: 0, pageLoad: 300000, script: 30000}, unhandledPromptBehavior: dismiss and notify, webauthn:extension:credBlob: true, webauthn:extension:largeBlob: true, webauthn:virtualAuthenticators: true}
Session ID: e3b487fd5ed668de3e384d091ab11e34
at org.openqa.selenium.remote.codec.w3c.W3CHttpResponseCodec.createException(W3CHttpResponseCodec.java:200)
at org.openqa.selenium.remote.codec.w3c.W3CHttpResponseCodec.decode(W3CHttpResponseCodec.java:133)
at org.openqa.selenium.remote.codec.w3c.W3CHttpResponseCodec.decode(W3CHttpResponseCodec.java:53)
at org.openqa.selenium.remote.HttpCommandExecutor.execute(HttpCommandExecutor.java:184)
at org.openqa.selenium.remote.service.DriverCommandExecutor.invokeExecute(DriverCommandExecutor.java:167)
at org.openqa.selenium.remote.service.DriverCommandExecutor.execute(DriverCommandExecutor.java:142)
at org.openqa.selenium.remote.RemoteWebDriver.execute(RemoteWebDriver.java:547)
at org.openqa.selenium.remote.ElementLocation$ElementFinder$2.findElement(ElementLocation.java:162)
at org.openqa.selenium.remote.ElementLocation.findElement(ElementLocation.java:60)
at org.openqa.selenium.remote.RemoteWebDriver.findElement(RemoteWebDriver.java:365)
at org.openqa.selenium.remote.RemoteWebDriver.findElement(RemoteWebDriver.java:357)
at org.openqa.selenium.support.pagefactory.DefaultElementLocator.findElement(DefaultElementLocator.java:70)
at org.openqa.selenium.support.pagefactory.internal.LocatingElementHandler.invoke(LocatingElementHandler.java:39)
at com.sun.proxy.$Proxy19.click(Unknown Source)
at HomePages.HomePage.searchForclick(HomePage.java:71)
at BaseTest.Test2_HomePageTest.searchMobile(Test2_HomePageTest.java:57)
at java.base/java.util.ArrayList.forEach(ArrayList.java:1540)
... Removed 31 stack frames]]>
    </failure>
  </testcase> <!-- searchMobile -->
  <testcase classname="BaseTest.Test2_HomePageTest" name="compareProduct" time="0.0">
    <skipped/>
  </testcase> <!-- compareProduct -->
  <testcase classname="BaseTest.Test3_GroceryPageTest" name="Grocery" time="0.0">
    <skipped/>
  </testcase> <!-- Grocery -->
  <testcase classname="BaseTest.Test3_GroceryPageTest" name="Cart" time="0.0">
    <skipped/>
  </testcase> <!-- Cart -->
  <testcase classname="BaseTest.Test4_HeadersPageTest" name="headersTest" time="0.0">
    <skipped/>
  </testcase> <!-- headersTest -->
  <testcase classname="BaseTest.Test4_HeadersPageTest" name="electronic" time="0.0">
    <skipped/>
  </testcase> <!-- electronic -->
  <testcase classname="BaseTest.Test4_HeadersPageTest" name="offer" time="0.0">
    <skipped/>
  </testcase> <!-- offer -->
  <testcase classname="BaseTest.Test4_HeadersPageTest" name="beauty" time="0.0">
    <skipped/>
  </testcase> <!-- beauty -->
  <testcase classname="BaseTest.Test4_HeadersPageTest" name="Test_searchFlight" time="0.0">
    <skipped/>
  </testcase> <!-- Test_searchFlight -->
  <testcase classname="BaseTest.Test4_HeadersPageTest" name="TwoWhellers" time="0.0">
    <skipped/>
  </testcase> <!-- TwoWhellers -->
  <testcase classname="BaseTest.Test4_HeadersPageTest" name="BecameSeller" time="0.0">
    <skipped/>
  </testcase> <!-- BecameSeller -->
  <testcase classname="BaseTest.Test5_NavigatorTest" name="Rightnavigate" time="0.0">
    <skipped/>
  </testcase> <!-- Rightnavigate -->
  <testcase classname="BaseTest.Test5_NavigatorTest" name="leftNavigate" time="0.0">
    <skipped/>
  </testcase> <!-- leftNavigate -->
  <testcase classname="BaseTest.Test6_FooterPageTest" name="SocialTest" time="0.0">
    <skipped/>
  </testcase> <!-- SocialTest -->
  <testcase classname="BaseTest.Test6_FooterPageTest" name="FaQTest" time="0.0">
    <skipped/>
  </testcase> <!-- FaQTest -->
  <testcase classname="BaseTest.Test6_FooterPageTest" name="cancel" time="0.0">
    <skipped/>
  </testcase> <!-- cancel -->
  <testcase classname="BaseTest.Test6_FooterPageTest" name="giftCard" time="0.0">
    <skipped/>
  </testcase> <!-- giftCard -->
  <testcase classname="BaseTest.Test7_ExplorePlusePageTest" name="ExplorePlus" time="0.0">
    <skipped/>
  </testcase> <!-- ExplorePlus -->
  <testcase classname="BaseTest.Test7_ExplorePlusePageTest" name="ExplorePlus1" time="0.0">
    <skipped/>
  </testcase> <!-- ExplorePlus1 -->
  <testcase classname="BasePackage.BasePage" name="@BeforeSuite launchBrowser" time="0.0">
    <ignored/>
  </testcase> <!-- @BeforeSuite launchBrowser -->
  <testcase classname="BasePackage.BasePage" name="@BeforeSuite launchBrowser" time="0.0">
    <ignored/>
  </testcase> <!-- @BeforeSuite launchBrowser -->
  <testcase classname="BasePackage.BasePage" name="@BeforeSuite launchBrowser" time="0.0">
    <ignored/>
  </testcase> <!-- @BeforeSuite launchBrowser -->
  <testcase classname="BasePackage.BasePage" name="@BeforeSuite launchBrowser" time="0.0">
    <ignored/>
  </testcase> <!-- @BeforeSuite launchBrowser -->
  <testcase classname="BasePackage.BasePage" name="@BeforeSuite launchBrowser" time="0.0">
    <ignored/>
  </testcase> <!-- @BeforeSuite launchBrowser -->
  <testcase classname="BasePackage.BasePage" name="@BeforeSuite launchBrowser" time="0.0">
    <ignored/>
  </testcase> <!-- @BeforeSuite launchBrowser -->
  <testcase classname="BasePackage.BasePage" name="@AfterSuite CloseBrowser" time="0.0">
    <ignored/>
  </testcase> <!-- @AfterSuite CloseBrowser -->
  <testcase classname="BasePackage.BasePage" name="@AfterSuite CloseBrowser" time="0.0">
    <ignored/>
  </testcase> <!-- @AfterSuite CloseBrowser -->
  <testcase classname="BasePackage.BasePage" name="@AfterSuite CloseBrowser" time="0.0">
    <ignored/>
  </testcase> <!-- @AfterSuite CloseBrowser -->
  <testcase classname="BasePackage.BasePage" name="@AfterSuite CloseBrowser" time="0.0">
    <ignored/>
  </testcase> <!-- @AfterSuite CloseBrowser -->
  <testcase classname="BasePackage.BasePage" name="@AfterSuite CloseBrowser" time="0.0">
    <ignored/>
  </testcase> <!-- @AfterSuite CloseBrowser -->
  <testcase classname="BasePackage.BasePage" name="@AfterSuite CloseBrowser" time="0.0">
    <ignored/>
  </testcase> <!-- @AfterSuite CloseBrowser -->
</testsuite> <!-- Test -->
