<html>
<head>
<title>TestNG:  Surefire test</title>
<link href="../testng.css" rel="stylesheet" type="text/css" />
<link href="../my-testng.css" rel="stylesheet" type="text/css" />

<style type="text/css">
.log { display: none;} 
.stack-trace { display: none;} 
</style>
<script type="text/javascript">
<!--
function flip(e) {
  current = e.style.display;
  if (current == 'block') {
    e.style.display = 'none';
    return 0;
  }
  else {
    e.style.display = 'block';
    return 1;
  }
}

function toggleBox(szDivId, elem, msg1, msg2)
{
  var res = -1;  if (document.getElementById) {
    res = flip(document.getElementById(szDivId));
  }
  else if (document.all) {
    // this is the way old msie versions work
    res = flip(document.all[szDivId]);
  }
  if(elem) {
    if(res == 0) elem.innerHTML = msg1; else elem.innerHTML = msg2;
  }

}

function toggleAllBoxes() {
  if (document.getElementsByTagName) {
    d = document.getElementsByTagName('div');
    for (i = 0; i < d.length; i++) {
      if (d[i].className == 'log') {
        flip(d[i]);
      }
    }
  }
}

// -->
</script>

</head>
<body>
<h2 align='center'>Surefire test</h2><table border='1' align="center">
<tr>
<td>Tests passed/Failed/Skipped:</td><td>18/0/4</td>
</tr><tr>
<td>Started on:</td><td>Mon Jan 09 20:35:47 IST 2023</td>
</tr>
<tr><td>Total time:</td><td>391 seconds (391149 ms)</td>
</tr><tr>
<td>Included groups:</td><td></td>
</tr><tr>
<td>Excluded groups:</td><td></td>
</tr>
</table><p/>
<small><i>(Hover the method name to see the test class name)</i></small><p/>
<table width='100%' border='1' class='invocation-passed'>
<tr><td colspan='4' align='center'><b>PASSED TESTS</b></td></tr>
<tr><td><b>Test method</b></td>
<td><b>Attribute(s)</b></td>
<td width="30%"><b>Exception</b></td>
<td width="10%"><b>Time (seconds)</b></td>
<td><b>Instance</b></td>
</tr>
<tr>
<td title='BaseTest.Test4_HeadersPageTest.offer()'><b>offer</b><br>Test class: BaseTest.Test4_HeadersPageTest</td>
<td></td>
<td>10</td>
<td>BaseTest.Test4_HeadersPageTest@7e3f95fe</td></tr>
<tr>
<td title='BaseTest.Test2_HomePageTest.LoginTest()'><b>LoginTest</b><br>Test class: BaseTest.Test2_HomePageTest</td>
<td></td>
<td>15</td>
<td>BaseTest.Test2_HomePageTest@427b5f92</td></tr>
<tr>
<td title='BaseTest.Test2_HomePageTest.searchMobile()'><b>searchMobile</b><br>Test class: BaseTest.Test2_HomePageTest</td>
<td></td>
<td>34</td>
<td>BaseTest.Test2_HomePageTest@427b5f92</td></tr>
<tr>
<td title='BaseTest.Test4_HeadersPageTest.TwoWhellers()'><b>TwoWhellers</b><br>Test class: BaseTest.Test4_HeadersPageTest</td>
<td></td>
<td>10</td>
<td>BaseTest.Test4_HeadersPageTest@7e3f95fe</td></tr>
<tr>
<td title='BaseTest.Test4_HeadersPageTest.BecameSeller()'><b>BecameSeller</b><br>Test class: BaseTest.Test4_HeadersPageTest</td>
<td></td>
<td>27</td>
<td>BaseTest.Test4_HeadersPageTest@7e3f95fe</td></tr>
<tr>
<td title='BaseTest.Test5_NavigatorTest.leftNavigate()'><b>leftNavigate</b><br>Test class: BaseTest.Test5_NavigatorTest</td>
<td></td>
<td>2</td>
<td>BaseTest.Test5_NavigatorTest@34625ccd</td></tr>
<tr>
<td title='BaseTest.Test6_FooterPageTest.giftCard()'><b>giftCard</b><br>Test class: BaseTest.Test6_FooterPageTest</td>
<td></td>
<td>43</td>
<td>BaseTest.Test6_FooterPageTest@2c7d121c</td></tr>
<tr>
<td title='BaseTest.Test7_ExplorePlusePageTest.ExplorePlus1()'><b>ExplorePlus1</b><br>Test class: BaseTest.Test7_ExplorePlusePageTest</td>
<td></td>
<td>16</td>
<td>BaseTest.Test7_ExplorePlusePageTest@65aa6596</td></tr>
<tr>
<td title='BaseTest.Test6_FooterPageTest.SocialTest()'><b>SocialTest</b><br>Test class: BaseTest.Test6_FooterPageTest</td>
<td></td>
<td>57</td>
<td>BaseTest.Test6_FooterPageTest@2c7d121c</td></tr>
<tr>
<td title='BaseTest.Test3_GroceryPageTest.Cart()'><b>Cart</b><br>Test class: BaseTest.Test3_GroceryPageTest</td>
<td></td>
<td>9</td>
<td>BaseTest.Test3_GroceryPageTest@24bdb479</td></tr>
<tr>
<td title='BaseTest.Test1_VerifyTitlePage.verifyTitle()'><b>verifyTitle</b><br>Test class: BaseTest.Test1_VerifyTitlePage</td>
<td></td>
<td>5</td>
<td>BaseTest.Test1_VerifyTitlePage@2c104774</td></tr>
<tr>
<td title='BaseTest.Test4_HeadersPageTest.Test_searchFlight()'><b>Test_searchFlight</b><br>Test class: BaseTest.Test4_HeadersPageTest</td>
<td></td>
<td>24</td>
<td>BaseTest.Test4_HeadersPageTest@7e3f95fe</td></tr>
<tr>
<td title='BaseTest.Test4_HeadersPageTest.electronic()'><b>electronic</b><br>Test class: BaseTest.Test4_HeadersPageTest</td>
<td></td>
<td>10</td>
<td>BaseTest.Test4_HeadersPageTest@7e3f95fe</td></tr>
<tr>
<td title='BaseTest.Test6_FooterPageTest.cancel()'><b>cancel</b><br>Test class: BaseTest.Test6_FooterPageTest</td>
<td></td>
<td>25</td>
<td>BaseTest.Test6_FooterPageTest@2c7d121c</td></tr>
<tr>
<td title='BaseTest.Test4_HeadersPageTest.beauty()'><b>beauty</b><br>Test class: BaseTest.Test4_HeadersPageTest</td>
<td></td>
<td>10</td>
<td>BaseTest.Test4_HeadersPageTest@7e3f95fe</td></tr>
<tr>
<td title='BaseTest.Test4_HeadersPageTest.headersTest()'><b>headersTest</b><br>Test class: BaseTest.Test4_HeadersPageTest</td>
<td></td>
<td>5</td>
<td>BaseTest.Test4_HeadersPageTest@7e3f95fe</td></tr>
<tr>
<td title='BaseTest.Test3_GroceryPageTest.Grocery()'><b>Grocery</b><br>Test class: BaseTest.Test3_GroceryPageTest</td>
<td></td>
<td>27</td>
<td>BaseTest.Test3_GroceryPageTest@24bdb479</td></tr>
<tr>
<td title='BaseTest.Test1_VerifyTitlePage.verifyLogo()'><b>verifyLogo</b><br>Test class: BaseTest.Test1_VerifyTitlePage</td>
<td></td>
<td>0</td>
<td>BaseTest.Test1_VerifyTitlePage@2c104774</td></tr>
</table><p>
<table width='100%' border='1' class='invocation-skipped'>
<tr><td colspan='4' align='center'><b>SKIPPED TESTS</b></td></tr>
<tr><td><b>Test method</b></td>
<td><b>Attribute(s)</b></td>
<td width="30%"><b>Exception</b></td>
<td width="10%"><b>Time (seconds)</b></td>
<td><b>Instance</b></td>
</tr>
<tr>
<td title='BaseTest.Test5_NavigatorTest.Rightnavigate()'><b>Rightnavigate</b><br>Test class: BaseTest.Test5_NavigatorTest</td>
<td><div><pre>org.testng.SkipException: Skipping this exception
	at ExcelReport.ExcelManager.toCheckExecutionRequired(ExcelManager.java:37)
	at BaseTest.Test5_NavigatorTest.Rightnavigate(Test5_NavigatorTest.java:22)
	at java.base/java.util.ArrayList.forEach(ArrayList.java:1540)
... Removed 32 stack frames</pre></div><a href='#' onClick='toggleBox("stack-trace1178160997", this, "Click to show all stack frames", "Click to hide stack frames")'>Click to show all stack frames</a>
<div class='stack-trace' id='stack-trace1178160997'><pre>org.testng.SkipException: Skipping this exception
	at ExcelReport.ExcelManager.toCheckExecutionRequired(ExcelManager.java:37)
	at BaseTest.Test5_NavigatorTest.Rightnavigate(Test5_NavigatorTest.java:22)
	at java.base/jdk.internal.reflect.NativeMethodAccessorImpl.invoke0(Native Method)
	at java.base/jdk.internal.reflect.NativeMethodAccessorImpl.invoke(NativeMethodAccessorImpl.java:62)
	at java.base/jdk.internal.reflect.DelegatingMethodAccessorImpl.invoke(DelegatingMethodAccessorImpl.java:43)
	at java.base/java.lang.reflect.Method.invoke(Method.java:566)
	at org.testng.internal.invokers.MethodInvocationHelper.invokeMethod(MethodInvocationHelper.java:139)
	at org.testng.internal.invokers.TestInvoker.invokeMethod(TestInvoker.java:677)
	at org.testng.internal.invokers.TestInvoker.invokeTestMethod(TestInvoker.java:221)
	at org.testng.internal.invokers.MethodRunner.runInSequence(MethodRunner.java:50)
	at org.testng.internal.invokers.TestInvoker$MethodInvocationAgent.invoke(TestInvoker.java:962)
	at org.testng.internal.invokers.TestInvoker.invokeTestMethods(TestInvoker.java:194)
	at org.testng.internal.invokers.TestMethodWorker.invokeTestMethods(TestMethodWorker.java:148)
	at org.testng.internal.invokers.TestMethodWorker.run(TestMethodWorker.java:128)
	at java.base/java.util.ArrayList.forEach(ArrayList.java:1540)
	at org.testng.TestRunner.privateRun(TestRunner.java:806)
	at org.testng.TestRunner.run(TestRunner.java:601)
	at org.testng.SuiteRunner.runTest(SuiteRunner.java:433)
	at org.testng.SuiteRunner.runSequentially(SuiteRunner.java:427)
	at org.testng.SuiteRunner.privateRun(SuiteRunner.java:387)
	at org.testng.SuiteRunner.run(SuiteRunner.java:330)
	at org.testng.SuiteRunnerWorker.runSuite(SuiteRunnerWorker.java:52)
	at org.testng.SuiteRunnerWorker.run(SuiteRunnerWorker.java:95)
	at org.testng.TestNG.runSuitesSequentially(TestNG.java:1256)
	at org.testng.TestNG.runSuitesLocally(TestNG.java:1176)
	at org.testng.TestNG.runSuites(TestNG.java:1099)
	at org.testng.TestNG.run(TestNG.java:1067)
	at org.apache.maven.surefire.testng.TestNGExecutor.run(TestNGExecutor.java:135)
	at org.apache.maven.surefire.testng.TestNGDirectoryTestSuite.executeMulti(TestNGDirectoryTestSuite.java:193)
	at org.apache.maven.surefire.testng.TestNGDirectoryTestSuite.execute(TestNGDirectoryTestSuite.java:94)
	at org.apache.maven.surefire.testng.TestNGProvider.invoke(TestNGProvider.java:146)
	at org.apache.maven.surefire.booter.ForkedBooter.invokeProviderInSameClassLoader(ForkedBooter.java:384)
	at org.apache.maven.surefire.booter.ForkedBooter.runSuitesInProcess(ForkedBooter.java:345)
	at org.apache.maven.surefire.booter.ForkedBooter.execute(ForkedBooter.java:126)
	at org.apache.maven.surefire.booter.ForkedBooter.main(ForkedBooter.java:418)
</pre></div></td>
<td>0</td>
<td>BaseTest.Test5_NavigatorTest@34625ccd</td></tr>
<tr>
<td title='BaseTest.Test2_HomePageTest.compareProduct()'><b>compareProduct</b><br>Test class: BaseTest.Test2_HomePageTest</td>
<td><div><pre>org.testng.SkipException: Skipping this exception
	at ExcelReport.ExcelManager.toCheckExecutionRequired(ExcelManager.java:37)
	at BaseTest.Test2_HomePageTest.compareProduct(Test2_HomePageTest.java:86)
	at java.base/java.util.ArrayList.forEach(ArrayList.java:1540)
... Removed 32 stack frames</pre></div><a href='#' onClick='toggleBox("stack-trace1078031260", this, "Click to show all stack frames", "Click to hide stack frames")'>Click to show all stack frames</a>
<div class='stack-trace' id='stack-trace1078031260'><pre>org.testng.SkipException: Skipping this exception
	at ExcelReport.ExcelManager.toCheckExecutionRequired(ExcelManager.java:37)
	at BaseTest.Test2_HomePageTest.compareProduct(Test2_HomePageTest.java:86)
	at java.base/jdk.internal.reflect.NativeMethodAccessorImpl.invoke0(Native Method)
	at java.base/jdk.internal.reflect.NativeMethodAccessorImpl.invoke(NativeMethodAccessorImpl.java:62)
	at java.base/jdk.internal.reflect.DelegatingMethodAccessorImpl.invoke(DelegatingMethodAccessorImpl.java:43)
	at java.base/java.lang.reflect.Method.invoke(Method.java:566)
	at org.testng.internal.invokers.MethodInvocationHelper.invokeMethod(MethodInvocationHelper.java:139)
	at org.testng.internal.invokers.TestInvoker.invokeMethod(TestInvoker.java:677)
	at org.testng.internal.invokers.TestInvoker.invokeTestMethod(TestInvoker.java:221)
	at org.testng.internal.invokers.MethodRunner.runInSequence(MethodRunner.java:50)
	at org.testng.internal.invokers.TestInvoker$MethodInvocationAgent.invoke(TestInvoker.java:962)
	at org.testng.internal.invokers.TestInvoker.invokeTestMethods(TestInvoker.java:194)
	at org.testng.internal.invokers.TestMethodWorker.invokeTestMethods(TestMethodWorker.java:148)
	at org.testng.internal.invokers.TestMethodWorker.run(TestMethodWorker.java:128)
	at java.base/java.util.ArrayList.forEach(ArrayList.java:1540)
	at org.testng.TestRunner.privateRun(TestRunner.java:806)
	at org.testng.TestRunner.run(TestRunner.java:601)
	at org.testng.SuiteRunner.runTest(SuiteRunner.java:433)
	at org.testng.SuiteRunner.runSequentially(SuiteRunner.java:427)
	at org.testng.SuiteRunner.privateRun(SuiteRunner.java:387)
	at org.testng.SuiteRunner.run(SuiteRunner.java:330)
	at org.testng.SuiteRunnerWorker.runSuite(SuiteRunnerWorker.java:52)
	at org.testng.SuiteRunnerWorker.run(SuiteRunnerWorker.java:95)
	at org.testng.TestNG.runSuitesSequentially(TestNG.java:1256)
	at org.testng.TestNG.runSuitesLocally(TestNG.java:1176)
	at org.testng.TestNG.runSuites(TestNG.java:1099)
	at org.testng.TestNG.run(TestNG.java:1067)
	at org.apache.maven.surefire.testng.TestNGExecutor.run(TestNGExecutor.java:135)
	at org.apache.maven.surefire.testng.TestNGDirectoryTestSuite.executeMulti(TestNGDirectoryTestSuite.java:193)
	at org.apache.maven.surefire.testng.TestNGDirectoryTestSuite.execute(TestNGDirectoryTestSuite.java:94)
	at org.apache.maven.surefire.testng.TestNGProvider.invoke(TestNGProvider.java:146)
	at org.apache.maven.surefire.booter.ForkedBooter.invokeProviderInSameClassLoader(ForkedBooter.java:384)
	at org.apache.maven.surefire.booter.ForkedBooter.runSuitesInProcess(ForkedBooter.java:345)
	at org.apache.maven.surefire.booter.ForkedBooter.execute(ForkedBooter.java:126)
	at org.apache.maven.surefire.booter.ForkedBooter.main(ForkedBooter.java:418)
</pre></div></td>
<td>0</td>
<td>BaseTest.Test2_HomePageTest@427b5f92</td></tr>
<tr>
<td title='BaseTest.Test6_FooterPageTest.FaQTest()'><b>FaQTest</b><br>Test class: BaseTest.Test6_FooterPageTest</td>
<td><div><pre>org.testng.SkipException: Skipping this exception
	at ExcelReport.ExcelManager.toCheckExecutionRequired(ExcelManager.java:37)
	at BaseTest.Test6_FooterPageTest.FaQTest(Test6_FooterPageTest.java:42)
	at java.base/java.util.ArrayList.forEach(ArrayList.java:1540)
... Removed 32 stack frames</pre></div><a href='#' onClick='toggleBox("stack-trace767535474", this, "Click to show all stack frames", "Click to hide stack frames")'>Click to show all stack frames</a>
<div class='stack-trace' id='stack-trace767535474'><pre>org.testng.SkipException: Skipping this exception
	at ExcelReport.ExcelManager.toCheckExecutionRequired(ExcelManager.java:37)
	at BaseTest.Test6_FooterPageTest.FaQTest(Test6_FooterPageTest.java:42)
	at java.base/jdk.internal.reflect.NativeMethodAccessorImpl.invoke0(Native Method)
	at java.base/jdk.internal.reflect.NativeMethodAccessorImpl.invoke(NativeMethodAccessorImpl.java:62)
	at java.base/jdk.internal.reflect.DelegatingMethodAccessorImpl.invoke(DelegatingMethodAccessorImpl.java:43)
	at java.base/java.lang.reflect.Method.invoke(Method.java:566)
	at org.testng.internal.invokers.MethodInvocationHelper.invokeMethod(MethodInvocationHelper.java:139)
	at org.testng.internal.invokers.TestInvoker.invokeMethod(TestInvoker.java:677)
	at org.testng.internal.invokers.TestInvoker.invokeTestMethod(TestInvoker.java:221)
	at org.testng.internal.invokers.MethodRunner.runInSequence(MethodRunner.java:50)
	at org.testng.internal.invokers.TestInvoker$MethodInvocationAgent.invoke(TestInvoker.java:962)
	at org.testng.internal.invokers.TestInvoker.invokeTestMethods(TestInvoker.java:194)
	at org.testng.internal.invokers.TestMethodWorker.invokeTestMethods(TestMethodWorker.java:148)
	at org.testng.internal.invokers.TestMethodWorker.run(TestMethodWorker.java:128)
	at java.base/java.util.ArrayList.forEach(ArrayList.java:1540)
	at org.testng.TestRunner.privateRun(TestRunner.java:806)
	at org.testng.TestRunner.run(TestRunner.java:601)
	at org.testng.SuiteRunner.runTest(SuiteRunner.java:433)
	at org.testng.SuiteRunner.runSequentially(SuiteRunner.java:427)
	at org.testng.SuiteRunner.privateRun(SuiteRunner.java:387)
	at org.testng.SuiteRunner.run(SuiteRunner.java:330)
	at org.testng.SuiteRunnerWorker.runSuite(SuiteRunnerWorker.java:52)
	at org.testng.SuiteRunnerWorker.run(SuiteRunnerWorker.java:95)
	at org.testng.TestNG.runSuitesSequentially(TestNG.java:1256)
	at org.testng.TestNG.runSuitesLocally(TestNG.java:1176)
	at org.testng.TestNG.runSuites(TestNG.java:1099)
	at org.testng.TestNG.run(TestNG.java:1067)
	at org.apache.maven.surefire.testng.TestNGExecutor.run(TestNGExecutor.java:135)
	at org.apache.maven.surefire.testng.TestNGDirectoryTestSuite.executeMulti(TestNGDirectoryTestSuite.java:193)
	at org.apache.maven.surefire.testng.TestNGDirectoryTestSuite.execute(TestNGDirectoryTestSuite.java:94)
	at org.apache.maven.surefire.testng.TestNGProvider.invoke(TestNGProvider.java:146)
	at org.apache.maven.surefire.booter.ForkedBooter.invokeProviderInSameClassLoader(ForkedBooter.java:384)
	at org.apache.maven.surefire.booter.ForkedBooter.runSuitesInProcess(ForkedBooter.java:345)
	at org.apache.maven.surefire.booter.ForkedBooter.execute(ForkedBooter.java:126)
	at org.apache.maven.surefire.booter.ForkedBooter.main(ForkedBooter.java:418)
</pre></div></td>
<td>0</td>
<td>BaseTest.Test6_FooterPageTest@2c7d121c</td></tr>
<tr>
<td title='BaseTest.Test7_ExplorePlusePageTest.ExplorePlus()'><b>ExplorePlus</b><br>Test class: BaseTest.Test7_ExplorePlusePageTest</td>
<td><div><pre>org.testng.SkipException: Skipping this exception
	at ExcelReport.ExcelManager.toCheckExecutionRequired(ExcelManager.java:37)
	at BaseTest.Test7_ExplorePlusePageTest.ExplorePlus(Test7_ExplorePlusePageTest.java:23)
	at java.base/java.util.ArrayList.forEach(ArrayList.java:1540)
... Removed 32 stack frames</pre></div><a href='#' onClick='toggleBox("stack-trace1741092056", this, "Click to show all stack frames", "Click to hide stack frames")'>Click to show all stack frames</a>
<div class='stack-trace' id='stack-trace1741092056'><pre>org.testng.SkipException: Skipping this exception
	at ExcelReport.ExcelManager.toCheckExecutionRequired(ExcelManager.java:37)
	at BaseTest.Test7_ExplorePlusePageTest.ExplorePlus(Test7_ExplorePlusePageTest.java:23)
	at java.base/jdk.internal.reflect.NativeMethodAccessorImpl.invoke0(Native Method)
	at java.base/jdk.internal.reflect.NativeMethodAccessorImpl.invoke(NativeMethodAccessorImpl.java:62)
	at java.base/jdk.internal.reflect.DelegatingMethodAccessorImpl.invoke(DelegatingMethodAccessorImpl.java:43)
	at java.base/java.lang.reflect.Method.invoke(Method.java:566)
	at org.testng.internal.invokers.MethodInvocationHelper.invokeMethod(MethodInvocationHelper.java:139)
	at org.testng.internal.invokers.TestInvoker.invokeMethod(TestInvoker.java:677)
	at org.testng.internal.invokers.TestInvoker.invokeTestMethod(TestInvoker.java:221)
	at org.testng.internal.invokers.MethodRunner.runInSequence(MethodRunner.java:50)
	at org.testng.internal.invokers.TestInvoker$MethodInvocationAgent.invoke(TestInvoker.java:962)
	at org.testng.internal.invokers.TestInvoker.invokeTestMethods(TestInvoker.java:194)
	at org.testng.internal.invokers.TestMethodWorker.invokeTestMethods(TestMethodWorker.java:148)
	at org.testng.internal.invokers.TestMethodWorker.run(TestMethodWorker.java:128)
	at java.base/java.util.ArrayList.forEach(ArrayList.java:1540)
	at org.testng.TestRunner.privateRun(TestRunner.java:806)
	at org.testng.TestRunner.run(TestRunner.java:601)
	at org.testng.SuiteRunner.runTest(SuiteRunner.java:433)
	at org.testng.SuiteRunner.runSequentially(SuiteRunner.java:427)
	at org.testng.SuiteRunner.privateRun(SuiteRunner.java:387)
	at org.testng.SuiteRunner.run(SuiteRunner.java:330)
	at org.testng.SuiteRunnerWorker.runSuite(SuiteRunnerWorker.java:52)
	at org.testng.SuiteRunnerWorker.run(SuiteRunnerWorker.java:95)
	at org.testng.TestNG.runSuitesSequentially(TestNG.java:1256)
	at org.testng.TestNG.runSuitesLocally(TestNG.java:1176)
	at org.testng.TestNG.runSuites(TestNG.java:1099)
	at org.testng.TestNG.run(TestNG.java:1067)
	at org.apache.maven.surefire.testng.TestNGExecutor.run(TestNGExecutor.java:135)
	at org.apache.maven.surefire.testng.TestNGDirectoryTestSuite.executeMulti(TestNGDirectoryTestSuite.java:193)
	at org.apache.maven.surefire.testng.TestNGDirectoryTestSuite.execute(TestNGDirectoryTestSuite.java:94)
	at org.apache.maven.surefire.testng.TestNGProvider.invoke(TestNGProvider.java:146)
	at org.apache.maven.surefire.booter.ForkedBooter.invokeProviderInSameClassLoader(ForkedBooter.java:384)
	at org.apache.maven.surefire.booter.ForkedBooter.runSuitesInProcess(ForkedBooter.java:345)
	at org.apache.maven.surefire.booter.ForkedBooter.execute(ForkedBooter.java:126)
	at org.apache.maven.surefire.booter.ForkedBooter.main(ForkedBooter.java:418)
</pre></div></td>
<td>0</td>
<td>BaseTest.Test7_ExplorePlusePageTest@65aa6596</td></tr>
</table><p>
</body>
</html>